18:06:53.734 INFO [GridLauncherV3.parse] - Selenium server version: 3.141.59, revision: e82be7d358
18:06:53.813 INFO [GridLauncherV3.lambda$buildLaunchers$3] - Launching a standalone Selenium Server on port 4444
2020-05-28 18:06:53.876:INFO::main: Logging initialized @336ms to org.seleniumhq.jetty9.util.log.StdErrLog
18:06:54.160 INFO [WebDriverServlet.<init>] - Initialising WebDriverServlet
18:06:54.285 INFO [SeleniumServer.boot] - Selenium Server is up and running on port 4444
18:06:54.644 INFO [ActiveSessionFactory.apply] - Capabilities are: {
  "acceptSslCerts": true,
  "browserName": "chrome",
  "chromeOptions": {
    "w3c": false
  },
  "javascriptEnabled": true,
  "name": "Index"
}
18:06:54.646 INFO [ActiveSessionFactory.lambda$apply$11] - Matched factory org.openqa.selenium.grid.session.remote.ServicedSession$Factory (provider: org.openqa.selenium.chrome.ChromeDriverService)
Starting ChromeDriver 83.0.4103.39 (ccbf011cb2d2b19b506d844400483861342c20cd-refs/branch-heads/4103@{#416}) on port 12725
Only local connections are allowed.
Please see https://chromedriver.chromium.org/security-considerations for suggestions on keeping ChromeDriver safe.
ChromeDriver was started successfully.
18:06:55.929 INFO [ProtocolHandshake.createSession] - Detected dialect: OSS
18:06:56.418 INFO [RemoteSession$Factory.lambda$performHandshake$0] - Started new session 6978107a0037ff29f3524a603810c53b (org.openqa.selenium.chrome.ChromeDriverService)
18:07:01.815 INFO [ActiveSessions$1.onStop] - Removing session 6978107a0037ff29f3524a603810c53b (org.openqa.selenium.chrome.ChromeDriverService)
